<?xml version="1.0" encoding="UTF-8"?>
<testng-results skipped="0" failed="0" total="1" passed="1">
  <reporter-output>
  </reporter-output>
  <suite name="Suite" duration-ms="19536" started-at="2017-12-09T07:56:35Z" finished-at="2017-12-09T07:56:55Z">
    <groups>
    </groups>
    <test name="Test" duration-ms="19536" started-at="2017-12-09T07:56:35Z" finished-at="2017-12-09T07:56:55Z">
      <class name="com.org.testcases.Testclass">
        <test-method status="PASS" signature="init()[pri:0, instance:com.org.testcases.Testclass@56528192]" name="init" is-config="true" duration-ms="630" started-at="2017-12-09T13:26:35Z" finished-at="2017-12-09T13:26:36Z">
          <reporter-output>
          </reporter-output>
        </test-method> <!-- init -->
        <test-method status="PASS" signature="TC_01()[pri:0, instance:com.org.testcases.Testclass@56528192]" name="TC_01" duration-ms="18867" started-at="2017-12-09T13:26:36Z" finished-at="2017-12-09T13:26:55Z">
          <reporter-output>
          </reporter-output>
        </test-method> <!-- TC_01 -->
      </class> <!-- com.org.testcases.Testclass -->
    </test> <!-- Test -->
  </suite> <!-- Suite -->
</testng-results>
